{"C:\\Users\\Pichau\\Documents\\Projetos\\_backend-tcc\\src\\domain\\entities\\Service.ts": {"path":"C:\\Users\\Pichau\\Documents\\Projetos\\_backend-tcc\\src\\domain\\entities\\Service.ts","all":false,"statementMap":{"0":{"start":{"line":1,"column":0},"end":{"line":1,"column":72}},"1":{"start":{"line":2,"column":0},"end":{"line":2,"column":40}},"2":{"start":{"line":3,"column":0},"end":{"line":3,"column":34}},"3":{"start":{"line":4,"column":0},"end":{"line":4,"column":0}},"4":{"start":{"line":5,"column":0},"end":{"line":5,"column":37}},"5":{"start":{"line":6,"column":0},"end":{"line":6,"column":14}},"6":{"start":{"line":7,"column":0},"end":{"line":7,"column":16}},"7":{"start":{"line":8,"column":0},"end":{"line":8,"column":23}},"8":{"start":{"line":9,"column":0},"end":{"line":9,"column":1}},"9":{"start":{"line":10,"column":0},"end":{"line":10,"column":0}},"10":{"start":{"line":11,"column":0},"end":{"line":11,"column":30}},"11":{"start":{"line":12,"column":0},"end":{"line":12,"column":19}},"12":{"start":{"line":13,"column":0},"end":{"line":13,"column":2}},"13":{"start":{"line":14,"column":0},"end":{"line":14,"column":0}},"14":{"start":{"line":15,"column":0},"end":{"line":15,"column":30}},"15":{"start":{"line":16,"column":0},"end":{"line":16,"column":20}},"16":{"start":{"line":17,"column":0},"end":{"line":17,"column":23}},"17":{"start":{"line":18,"column":0},"end":{"line":18,"column":29}},"18":{"start":{"line":19,"column":0},"end":{"line":19,"column":0}},"19":{"start":{"line":20,"column":0},"end":{"line":20,"column":77}},"20":{"start":{"line":21,"column":0},"end":{"line":21,"column":17}},"21":{"start":{"line":22,"column":0},"end":{"line":22,"column":23}},"22":{"start":{"line":23,"column":0},"end":{"line":23,"column":35}},"23":{"start":{"line":24,"column":0},"end":{"line":24,"column":0}},"24":{"start":{"line":25,"column":0},"end":{"line":25,"column":37}},"25":{"start":{"line":26,"column":0},"end":{"line":26,"column":35}},"26":{"start":{"line":27,"column":0},"end":{"line":27,"column":0}},"27":{"start":{"line":28,"column":0},"end":{"line":28,"column":24}},"28":{"start":{"line":29,"column":0},"end":{"line":29,"column":44}},"29":{"start":{"line":30,"column":0},"end":{"line":30,"column":5}},"30":{"start":{"line":31,"column":0},"end":{"line":31,"column":3}},"31":{"start":{"line":32,"column":0},"end":{"line":32,"column":0}},"32":{"start":{"line":33,"column":0},"end":{"line":33,"column":22}},"33":{"start":{"line":34,"column":0},"end":{"line":34,"column":32}},"34":{"start":{"line":35,"column":0},"end":{"line":35,"column":0}},"35":{"start":{"line":36,"column":0},"end":{"line":36,"column":9}},"36":{"start":{"line":37,"column":0},"end":{"line":37,"column":54}},"37":{"start":{"line":38,"column":0},"end":{"line":38,"column":42}},"38":{"start":{"line":39,"column":0},"end":{"line":39,"column":0}},"39":{"start":{"line":40,"column":0},"end":{"line":40,"column":63}},"40":{"start":{"line":41,"column":0},"end":{"line":41,"column":45}},"41":{"start":{"line":42,"column":0},"end":{"line":42,"column":0}},"42":{"start":{"line":43,"column":0},"end":{"line":43,"column":63}},"43":{"start":{"line":44,"column":0},"end":{"line":44,"column":24}},"44":{"start":{"line":45,"column":0},"end":{"line":45,"column":8}},"45":{"start":{"line":46,"column":0},"end":{"line":46,"column":51}},"46":{"start":{"line":47,"column":0},"end":{"line":47,"column":21}},"47":{"start":{"line":48,"column":0},"end":{"line":48,"column":33}},"48":{"start":{"line":49,"column":0},"end":{"line":49,"column":5}},"49":{"start":{"line":50,"column":0},"end":{"line":50,"column":0}},"50":{"start":{"line":51,"column":0},"end":{"line":51,"column":18}},"51":{"start":{"line":52,"column":0},"end":{"line":52,"column":3}},"52":{"start":{"line":53,"column":0},"end":{"line":53,"column":0}},"53":{"start":{"line":54,"column":0},"end":{"line":54,"column":59}},"54":{"start":{"line":55,"column":0},"end":{"line":55,"column":12}},"55":{"start":{"line":56,"column":0},"end":{"line":56,"column":32}},"56":{"start":{"line":57,"column":0},"end":{"line":57,"column":12}},"57":{"start":{"line":58,"column":0},"end":{"line":58,"column":54}},"58":{"start":{"line":59,"column":0},"end":{"line":59,"column":6}},"59":{"start":{"line":60,"column":0},"end":{"line":60,"column":3}},"60":{"start":{"line":61,"column":0},"end":{"line":61,"column":0}},"61":{"start":{"line":62,"column":0},"end":{"line":62,"column":65}},"62":{"start":{"line":63,"column":0},"end":{"line":63,"column":32}},"63":{"start":{"line":64,"column":0},"end":{"line":64,"column":0}},"64":{"start":{"line":65,"column":0},"end":{"line":65,"column":36}},"65":{"start":{"line":66,"column":0},"end":{"line":66,"column":59}},"66":{"start":{"line":67,"column":0},"end":{"line":67,"column":34}},"67":{"start":{"line":68,"column":0},"end":{"line":68,"column":75}},"68":{"start":{"line":69,"column":0},"end":{"line":69,"column":5}},"69":{"start":{"line":70,"column":0},"end":{"line":70,"column":0}},"70":{"start":{"line":71,"column":0},"end":{"line":71,"column":12}},"71":{"start":{"line":72,"column":0},"end":{"line":72,"column":13}},"72":{"start":{"line":73,"column":0},"end":{"line":73,"column":6}},"73":{"start":{"line":74,"column":0},"end":{"line":74,"column":3}},"74":{"start":{"line":75,"column":0},"end":{"line":75,"column":0}},"75":{"start":{"line":76,"column":0},"end":{"line":76,"column":77}},"76":{"start":{"line":77,"column":0},"end":{"line":77,"column":32}},"77":{"start":{"line":78,"column":0},"end":{"line":78,"column":0}},"78":{"start":{"line":79,"column":0},"end":{"line":79,"column":42}},"79":{"start":{"line":80,"column":0},"end":{"line":80,"column":62}},"80":{"start":{"line":81,"column":0},"end":{"line":81,"column":42}},"81":{"start":{"line":82,"column":0},"end":{"line":82,"column":18}},"82":{"start":{"line":83,"column":0},"end":{"line":83,"column":69}},"83":{"start":{"line":84,"column":0},"end":{"line":84,"column":8}},"84":{"start":{"line":85,"column":0},"end":{"line":85,"column":5}},"85":{"start":{"line":86,"column":0},"end":{"line":86,"column":0}},"86":{"start":{"line":87,"column":0},"end":{"line":87,"column":12}},"87":{"start":{"line":88,"column":0},"end":{"line":88,"column":13}},"88":{"start":{"line":89,"column":0},"end":{"line":89,"column":6}},"89":{"start":{"line":90,"column":0},"end":{"line":90,"column":3}},"90":{"start":{"line":91,"column":0},"end":{"line":91,"column":1}}},"s":{"0":1,"1":1,"2":1,"3":1,"4":1,"5":1,"6":1,"7":1,"8":1,"9":1,"10":1,"11":1,"12":1,"13":1,"14":3,"15":3,"16":3,"17":3,"18":3,"19":3,"20":11,"21":11,"22":11,"23":11,"24":11,"25":11,"26":11,"27":11,"28":4,"29":4,"30":11,"31":3,"32":3,"33":11,"34":11,"35":11,"36":11,"37":11,"38":11,"39":11,"40":11,"41":11,"42":11,"43":11,"44":11,"45":11,"46":11,"47":0,"48":0,"49":11,"50":11,"51":11,"52":3,"53":3,"54":11,"55":11,"56":11,"57":11,"58":11,"59":11,"60":3,"61":3,"62":11,"63":11,"64":11,"65":0,"66":11,"67":2,"68":2,"69":11,"70":11,"71":11,"72":11,"73":11,"74":3,"75":3,"76":11,"77":11,"78":11,"79":0,"80":11,"81":1,"82":1,"83":1,"84":1,"85":11,"86":11,"87":11,"88":11,"89":11,"90":3},"branchMap":{"0":{"type":"branch","line":15,"loc":{"start":{"line":15,"column":0},"end":{"line":91,"column":1}},"locations":[{"start":{"line":15,"column":0},"end":{"line":91,"column":1}}]},"1":{"type":"branch","line":20,"loc":{"start":{"line":20,"column":2},"end":{"line":31,"column":3}},"locations":[{"start":{"line":20,"column":2},"end":{"line":31,"column":3}}]},"2":{"type":"branch","line":20,"loc":{"start":{"line":20,"column":18},"end":{"line":20,"column":27}},"locations":[{"start":{"line":20,"column":18},"end":{"line":20,"column":27}}]},"3":{"type":"branch","line":20,"loc":{"start":{"line":20,"column":27},"end":{"line":20,"column":29}},"locations":[{"start":{"line":20,"column":27},"end":{"line":20,"column":29}}]},"4":{"type":"branch","line":20,"loc":{"start":{"line":20,"column":47},"end":{"line":20,"column":52}},"locations":[{"start":{"line":20,"column":47},"end":{"line":20,"column":52}}]},"5":{"type":"branch","line":20,"loc":{"start":{"line":20,"column":52},"end":{"line":20,"column":74}},"locations":[{"start":{"line":20,"column":52},"end":{"line":20,"column":74}}]},"6":{"type":"branch","line":28,"loc":{"start":{"line":28,"column":23},"end":{"line":30,"column":5}},"locations":[{"start":{"line":28,"column":23},"end":{"line":30,"column":5}}]},"7":{"type":"branch","line":33,"loc":{"start":{"line":33,"column":2},"end":{"line":52,"column":3}},"locations":[{"start":{"line":33,"column":2},"end":{"line":52,"column":3}}]},"8":{"type":"branch","line":47,"loc":{"start":{"line":47,"column":6},"end":{"line":49,"column":5}},"locations":[{"start":{"line":47,"column":6},"end":{"line":49,"column":5}}]},"9":{"type":"branch","line":54,"loc":{"start":{"line":54,"column":2},"end":{"line":60,"column":3}},"locations":[{"start":{"line":54,"column":2},"end":{"line":60,"column":3}}]},"10":{"type":"branch","line":57,"loc":{"start":{"line":57,"column":8},"end":{"line":57,"column":12}},"locations":[{"start":{"line":57,"column":8},"end":{"line":57,"column":12}}]},"11":{"type":"branch","line":58,"loc":{"start":{"line":58,"column":8},"end":{"line":58,"column":53}},"locations":[{"start":{"line":58,"column":8},"end":{"line":58,"column":53}}]},"12":{"type":"branch","line":62,"loc":{"start":{"line":62,"column":2},"end":{"line":74,"column":3}},"locations":[{"start":{"line":62,"column":2},"end":{"line":74,"column":3}}]},"13":{"type":"branch","line":65,"loc":{"start":{"line":65,"column":35},"end":{"line":67,"column":11}},"locations":[{"start":{"line":65,"column":35},"end":{"line":67,"column":11}}]},"14":{"type":"branch","line":67,"loc":{"start":{"line":67,"column":33},"end":{"line":69,"column":5}},"locations":[{"start":{"line":67,"column":33},"end":{"line":69,"column":5}}]},"15":{"type":"branch","line":76,"loc":{"start":{"line":76,"column":2},"end":{"line":90,"column":3}},"locations":[{"start":{"line":76,"column":2},"end":{"line":90,"column":3}}]},"16":{"type":"branch","line":79,"loc":{"start":{"line":79,"column":41},"end":{"line":81,"column":11}},"locations":[{"start":{"line":79,"column":41},"end":{"line":81,"column":11}}]},"17":{"type":"branch","line":81,"loc":{"start":{"line":81,"column":41},"end":{"line":85,"column":5}},"locations":[{"start":{"line":81,"column":41},"end":{"line":85,"column":5}}]}},"b":{"0":[3],"1":[11],"2":[9],"3":[2],"4":[3],"5":[8],"6":[4],"7":[11],"8":[0],"9":[11],"10":[10],"11":[1],"12":[11],"13":[0],"14":[2],"15":[11],"16":[0],"17":[1]},"fnMap":{"0":{"name":"Service","decl":{"start":{"line":20,"column":2},"end":{"line":31,"column":3}},"loc":{"start":{"line":20,"column":2},"end":{"line":31,"column":3}},"line":20},"1":{"name":"Object.<anonymous>.Service.validate","decl":{"start":{"line":33,"column":2},"end":{"line":52,"column":3}},"loc":{"start":{"line":33,"column":2},"end":{"line":52,"column":3}},"line":33},"2":{"name":"Object.<anonymous>.Service.idValidation","decl":{"start":{"line":54,"column":2},"end":{"line":60,"column":3}},"loc":{"start":{"line":54,"column":2},"end":{"line":60,"column":3}},"line":54},"3":{"name":"Object.<anonymous>.Service.titleValidation","decl":{"start":{"line":62,"column":2},"end":{"line":74,"column":3}},"loc":{"start":{"line":62,"column":2},"end":{"line":74,"column":3}},"line":62},"4":{"name":"Object.<anonymous>.Service.descriptionValidation","decl":{"start":{"line":76,"column":2},"end":{"line":90,"column":3}},"loc":{"start":{"line":76,"column":2},"end":{"line":90,"column":3}},"line":76}},"f":{"0":11,"1":11,"2":11,"3":11,"4":11}}
,"C:\\Users\\Pichau\\Documents\\Projetos\\_backend-tcc\\src\\domain\\entities\\Transaction.ts": {"path":"C:\\Users\\Pichau\\Documents\\Projetos\\_backend-tcc\\src\\domain\\entities\\Transaction.ts","all":false,"statementMap":{"0":{"start":{"line":1,"column":0},"end":{"line":1,"column":80}},"1":{"start":{"line":2,"column":0},"end":{"line":2,"column":40}},"2":{"start":{"line":3,"column":0},"end":{"line":3,"column":34}},"3":{"start":{"line":4,"column":0},"end":{"line":4,"column":0}},"4":{"start":{"line":5,"column":0},"end":{"line":5,"column":41}},"5":{"start":{"line":6,"column":0},"end":{"line":6,"column":14}},"6":{"start":{"line":7,"column":0},"end":{"line":7,"column":16}},"7":{"start":{"line":8,"column":0},"end":{"line":8,"column":16}},"8":{"start":{"line":9,"column":0},"end":{"line":9,"column":31}},"9":{"start":{"line":10,"column":0},"end":{"line":10,"column":15}},"10":{"start":{"line":11,"column":0},"end":{"line":11,"column":1}},"11":{"start":{"line":12,"column":0},"end":{"line":12,"column":0}},"12":{"start":{"line":13,"column":0},"end":{"line":13,"column":30}},"13":{"start":{"line":14,"column":0},"end":{"line":14,"column":19}},"14":{"start":{"line":15,"column":0},"end":{"line":15,"column":2}},"15":{"start":{"line":16,"column":0},"end":{"line":16,"column":0}},"16":{"start":{"line":17,"column":0},"end":{"line":17,"column":34}},"17":{"start":{"line":18,"column":0},"end":{"line":18,"column":20}},"18":{"start":{"line":19,"column":0},"end":{"line":19,"column":23}},"19":{"start":{"line":20,"column":0},"end":{"line":20,"column":23}},"20":{"start":{"line":21,"column":0},"end":{"line":21,"column":38}},"21":{"start":{"line":22,"column":0},"end":{"line":22,"column":22}},"22":{"start":{"line":23,"column":0},"end":{"line":23,"column":0}},"23":{"start":{"line":24,"column":0},"end":{"line":24,"column":15}},"24":{"start":{"line":25,"column":0},"end":{"line":25,"column":16}},"25":{"start":{"line":26,"column":0},"end":{"line":26,"column":10}},"26":{"start":{"line":27,"column":0},"end":{"line":27,"column":10}},"27":{"start":{"line":28,"column":0},"end":{"line":28,"column":9}},"28":{"start":{"line":29,"column":0},"end":{"line":29,"column":9}},"29":{"start":{"line":30,"column":0},"end":{"line":30,"column":30}},"30":{"start":{"line":31,"column":0},"end":{"line":31,"column":17}},"31":{"start":{"line":32,"column":0},"end":{"line":32,"column":23}},"32":{"start":{"line":33,"column":0},"end":{"line":33,"column":23}},"33":{"start":{"line":34,"column":0},"end":{"line":34,"column":21}},"34":{"start":{"line":35,"column":0},"end":{"line":35,"column":21}},"35":{"start":{"line":36,"column":0},"end":{"line":36,"column":0}},"36":{"start":{"line":37,"column":0},"end":{"line":37,"column":37}},"37":{"start":{"line":38,"column":0},"end":{"line":38,"column":35}},"38":{"start":{"line":39,"column":0},"end":{"line":39,"column":0}},"39":{"start":{"line":40,"column":0},"end":{"line":40,"column":24}},"40":{"start":{"line":41,"column":0},"end":{"line":41,"column":48}},"41":{"start":{"line":42,"column":0},"end":{"line":42,"column":5}},"42":{"start":{"line":43,"column":0},"end":{"line":43,"column":3}},"43":{"start":{"line":44,"column":0},"end":{"line":44,"column":0}},"44":{"start":{"line":45,"column":0},"end":{"line":45,"column":22}},"45":{"start":{"line":46,"column":0},"end":{"line":46,"column":32}},"46":{"start":{"line":47,"column":0},"end":{"line":47,"column":0}},"47":{"start":{"line":48,"column":0},"end":{"line":48,"column":9}},"48":{"start":{"line":49,"column":0},"end":{"line":49,"column":54}},"49":{"start":{"line":50,"column":0},"end":{"line":50,"column":42}},"50":{"start":{"line":51,"column":0},"end":{"line":51,"column":0}},"51":{"start":{"line":52,"column":0},"end":{"line":52,"column":63}},"52":{"start":{"line":53,"column":0},"end":{"line":53,"column":45}},"53":{"start":{"line":54,"column":0},"end":{"line":54,"column":0}},"54":{"start":{"line":55,"column":0},"end":{"line":55,"column":63}},"55":{"start":{"line":56,"column":0},"end":{"line":56,"column":45}},"56":{"start":{"line":57,"column":0},"end":{"line":57,"column":0}},"57":{"start":{"line":58,"column":0},"end":{"line":58,"column":60}},"58":{"start":{"line":59,"column":0},"end":{"line":59,"column":44}},"59":{"start":{"line":60,"column":0},"end":{"line":60,"column":0}},"60":{"start":{"line":61,"column":0},"end":{"line":61,"column":60}},"61":{"start":{"line":62,"column":0},"end":{"line":62,"column":44}},"62":{"start":{"line":63,"column":0},"end":{"line":63,"column":21}},"63":{"start":{"line":64,"column":0},"end":{"line":64,"column":25}},"64":{"start":{"line":65,"column":0},"end":{"line":65,"column":33}},"65":{"start":{"line":66,"column":0},"end":{"line":66,"column":5}},"66":{"start":{"line":67,"column":0},"end":{"line":67,"column":0}},"67":{"start":{"line":68,"column":0},"end":{"line":68,"column":18}},"68":{"start":{"line":69,"column":0},"end":{"line":69,"column":3}},"69":{"start":{"line":70,"column":0},"end":{"line":70,"column":0}},"70":{"start":{"line":71,"column":0},"end":{"line":71,"column":59}},"71":{"start":{"line":72,"column":0},"end":{"line":72,"column":12}},"72":{"start":{"line":73,"column":0},"end":{"line":73,"column":32}},"73":{"start":{"line":74,"column":0},"end":{"line":74,"column":12}},"74":{"start":{"line":75,"column":0},"end":{"line":75,"column":59}},"75":{"start":{"line":76,"column":0},"end":{"line":76,"column":6}},"76":{"start":{"line":77,"column":0},"end":{"line":77,"column":3}},"77":{"start":{"line":78,"column":0},"end":{"line":78,"column":0}},"78":{"start":{"line":79,"column":0},"end":{"line":79,"column":65}},"79":{"start":{"line":80,"column":0},"end":{"line":80,"column":32}},"80":{"start":{"line":81,"column":0},"end":{"line":81,"column":0}},"81":{"start":{"line":82,"column":0},"end":{"line":82,"column":36}},"82":{"start":{"line":83,"column":0},"end":{"line":83,"column":61}},"83":{"start":{"line":84,"column":0},"end":{"line":84,"column":34}},"84":{"start":{"line":85,"column":0},"end":{"line":85,"column":77}},"85":{"start":{"line":86,"column":0},"end":{"line":86,"column":5}},"86":{"start":{"line":87,"column":0},"end":{"line":87,"column":0}},"87":{"start":{"line":88,"column":0},"end":{"line":88,"column":12}},"88":{"start":{"line":89,"column":0},"end":{"line":89,"column":13}},"89":{"start":{"line":90,"column":0},"end":{"line":90,"column":6}},"90":{"start":{"line":91,"column":0},"end":{"line":91,"column":3}},"91":{"start":{"line":92,"column":0},"end":{"line":92,"column":0}},"92":{"start":{"line":93,"column":0},"end":{"line":93,"column":65}},"93":{"start":{"line":94,"column":0},"end":{"line":94,"column":12}},"94":{"start":{"line":95,"column":0},"end":{"line":95,"column":79}},"95":{"start":{"line":96,"column":0},"end":{"line":96,"column":6}},"96":{"start":{"line":97,"column":0},"end":{"line":97,"column":3}},"97":{"start":{"line":98,"column":0},"end":{"line":98,"column":0}},"98":{"start":{"line":99,"column":0},"end":{"line":99,"column":63}},"99":{"start":{"line":100,"column":0},"end":{"line":100,"column":32}},"100":{"start":{"line":101,"column":0},"end":{"line":101,"column":0}},"101":{"start":{"line":102,"column":0},"end":{"line":102,"column":35}},"102":{"start":{"line":103,"column":0},"end":{"line":103,"column":59}},"103":{"start":{"line":104,"column":0},"end":{"line":104,"column":57}},"104":{"start":{"line":105,"column":0},"end":{"line":105,"column":72}},"105":{"start":{"line":106,"column":0},"end":{"line":106,"column":5}},"106":{"start":{"line":107,"column":0},"end":{"line":107,"column":0}},"107":{"start":{"line":108,"column":0},"end":{"line":108,"column":12}},"108":{"start":{"line":109,"column":0},"end":{"line":109,"column":13}},"109":{"start":{"line":110,"column":0},"end":{"line":110,"column":6}},"110":{"start":{"line":111,"column":0},"end":{"line":111,"column":3}},"111":{"start":{"line":112,"column":0},"end":{"line":112,"column":0}},"112":{"start":{"line":113,"column":0},"end":{"line":113,"column":63}},"113":{"start":{"line":114,"column":0},"end":{"line":114,"column":32}},"114":{"start":{"line":115,"column":0},"end":{"line":115,"column":0}},"115":{"start":{"line":116,"column":0},"end":{"line":116,"column":35}},"116":{"start":{"line":117,"column":0},"end":{"line":117,"column":61}},"117":{"start":{"line":118,"column":0},"end":{"line":118,"column":52}},"118":{"start":{"line":119,"column":0},"end":{"line":119,"column":72}},"119":{"start":{"line":120,"column":0},"end":{"line":120,"column":5}},"120":{"start":{"line":121,"column":0},"end":{"line":121,"column":0}},"121":{"start":{"line":122,"column":0},"end":{"line":122,"column":12}},"122":{"start":{"line":123,"column":0},"end":{"line":123,"column":13}},"123":{"start":{"line":124,"column":0},"end":{"line":124,"column":6}},"124":{"start":{"line":125,"column":0},"end":{"line":125,"column":3}},"125":{"start":{"line":126,"column":0},"end":{"line":126,"column":1}}},"s":{"0":1,"1":1,"2":1,"3":1,"4":1,"5":1,"6":1,"7":1,"8":1,"9":1,"10":1,"11":1,"12":1,"13":1,"14":1,"15":1,"16":1,"17":1,"18":1,"19":1,"20":1,"21":1,"22":1,"23":1,"24":6,"25":6,"26":6,"27":6,"28":6,"29":6,"30":6,"31":6,"32":6,"33":6,"34":6,"35":6,"36":6,"37":6,"38":6,"39":6,"40":4,"41":4,"42":6,"43":1,"44":1,"45":6,"46":6,"47":6,"48":6,"49":6,"50":6,"51":6,"52":6,"53":6,"54":6,"55":6,"56":6,"57":6,"58":6,"59":6,"60":6,"61":6,"62":6,"63":0,"64":0,"65":0,"66":6,"67":6,"68":6,"69":1,"70":1,"71":6,"72":6,"73":6,"74":6,"75":6,"76":6,"77":1,"78":1,"79":6,"80":6,"81":6,"82":0,"83":6,"84":1,"85":1,"86":6,"87":6,"88":6,"89":6,"90":6,"91":1,"92":1,"93":6,"94":6,"95":6,"96":6,"97":1,"98":1,"99":6,"100":6,"101":6,"102":0,"103":6,"104":0,"105":0,"106":6,"107":6,"108":6,"109":6,"110":6,"111":1,"112":1,"113":6,"114":6,"115":6,"116":0,"117":6,"118":1,"119":1,"120":6,"121":6,"122":6,"123":6,"124":6,"125":1},"branchMap":{"0":{"type":"branch","line":17,"loc":{"start":{"line":17,"column":0},"end":{"line":126,"column":1}},"locations":[{"start":{"line":17,"column":0},"end":{"line":126,"column":1}}]},"1":{"type":"branch","line":24,"loc":{"start":{"line":24,"column":2},"end":{"line":43,"column":3}},"locations":[{"start":{"line":24,"column":2},"end":{"line":43,"column":3}}]},"2":{"type":"branch","line":25,"loc":{"start":{"line":25,"column":6},"end":{"line":25,"column":15}},"locations":[{"start":{"line":25,"column":6},"end":{"line":25,"column":15}}]},"3":{"type":"branch","line":25,"loc":{"start":{"line":25,"column":15},"end":{"line":25,"column":16}},"locations":[{"start":{"line":25,"column":15},"end":{"line":25,"column":16}}]},"4":{"type":"branch","line":40,"loc":{"start":{"line":40,"column":23},"end":{"line":42,"column":5}},"locations":[{"start":{"line":40,"column":23},"end":{"line":42,"column":5}}]},"5":{"type":"branch","line":45,"loc":{"start":{"line":45,"column":2},"end":{"line":69,"column":3}},"locations":[{"start":{"line":45,"column":2},"end":{"line":69,"column":3}}]},"6":{"type":"branch","line":63,"loc":{"start":{"line":63,"column":6},"end":{"line":66,"column":5}},"locations":[{"start":{"line":63,"column":6},"end":{"line":66,"column":5}}]},"7":{"type":"branch","line":71,"loc":{"start":{"line":71,"column":2},"end":{"line":77,"column":3}},"locations":[{"start":{"line":71,"column":2},"end":{"line":77,"column":3}}]},"8":{"type":"branch","line":74,"loc":{"start":{"line":74,"column":8},"end":{"line":74,"column":12}},"locations":[{"start":{"line":74,"column":8},"end":{"line":74,"column":12}}]},"9":{"type":"branch","line":75,"loc":{"start":{"line":75,"column":8},"end":{"line":75,"column":58}},"locations":[{"start":{"line":75,"column":8},"end":{"line":75,"column":58}}]},"10":{"type":"branch","line":79,"loc":{"start":{"line":79,"column":2},"end":{"line":91,"column":3}},"locations":[{"start":{"line":79,"column":2},"end":{"line":91,"column":3}}]},"11":{"type":"branch","line":82,"loc":{"start":{"line":82,"column":35},"end":{"line":84,"column":11}},"locations":[{"start":{"line":82,"column":35},"end":{"line":84,"column":11}}]},"12":{"type":"branch","line":84,"loc":{"start":{"line":84,"column":33},"end":{"line":86,"column":5}},"locations":[{"start":{"line":84,"column":33},"end":{"line":86,"column":5}}]},"13":{"type":"branch","line":93,"loc":{"start":{"line":93,"column":2},"end":{"line":97,"column":3}},"locations":[{"start":{"line":93,"column":2},"end":{"line":97,"column":3}}]},"14":{"type":"branch","line":95,"loc":{"start":{"line":95,"column":25},"end":{"line":95,"column":73}},"locations":[{"start":{"line":95,"column":25},"end":{"line":95,"column":73}}]},"15":{"type":"branch","line":95,"loc":{"start":{"line":95,"column":74},"end":{"line":95,"column":78}},"locations":[{"start":{"line":95,"column":74},"end":{"line":95,"column":78}}]},"16":{"type":"branch","line":99,"loc":{"start":{"line":99,"column":2},"end":{"line":111,"column":3}},"locations":[{"start":{"line":99,"column":2},"end":{"line":111,"column":3}}]},"17":{"type":"branch","line":102,"loc":{"start":{"line":102,"column":34},"end":{"line":104,"column":11}},"locations":[{"start":{"line":102,"column":34},"end":{"line":104,"column":11}}]},"18":{"type":"branch","line":104,"loc":{"start":{"line":104,"column":56},"end":{"line":106,"column":5}},"locations":[{"start":{"line":104,"column":56},"end":{"line":106,"column":5}}]},"19":{"type":"branch","line":113,"loc":{"start":{"line":113,"column":2},"end":{"line":125,"column":3}},"locations":[{"start":{"line":113,"column":2},"end":{"line":125,"column":3}}]},"20":{"type":"branch","line":116,"loc":{"start":{"line":116,"column":34},"end":{"line":118,"column":11}},"locations":[{"start":{"line":116,"column":34},"end":{"line":118,"column":11}}]},"21":{"type":"branch","line":118,"loc":{"start":{"line":118,"column":51},"end":{"line":120,"column":5}},"locations":[{"start":{"line":118,"column":51},"end":{"line":120,"column":5}}]}},"b":{"0":[1],"1":[6],"2":[4],"3":[2],"4":[4],"5":[6],"6":[0],"7":[6],"8":[5],"9":[1],"10":[6],"11":[0],"12":[1],"13":[6],"14":[1],"15":[5],"16":[6],"17":[0],"18":[0],"19":[6],"20":[0],"21":[1]},"fnMap":{"0":{"name":"Transaction","decl":{"start":{"line":24,"column":2},"end":{"line":43,"column":3}},"loc":{"start":{"line":24,"column":2},"end":{"line":43,"column":3}},"line":24},"1":{"name":"Object.<anonymous>.Transaction.validate","decl":{"start":{"line":45,"column":2},"end":{"line":69,"column":3}},"loc":{"start":{"line":45,"column":2},"end":{"line":69,"column":3}},"line":45},"2":{"name":"Object.<anonymous>.Transaction.idValidation","decl":{"start":{"line":71,"column":2},"end":{"line":77,"column":3}},"loc":{"start":{"line":71,"column":2},"end":{"line":77,"column":3}},"line":71},"3":{"name":"Object.<anonymous>.Transaction.titleValidation","decl":{"start":{"line":79,"column":2},"end":{"line":91,"column":3}},"loc":{"start":{"line":79,"column":2},"end":{"line":91,"column":3}},"line":79},"4":{"name":"Object.<anonymous>.Transaction.valueValidation","decl":{"start":{"line":93,"column":2},"end":{"line":97,"column":3}},"loc":{"start":{"line":93,"column":2},"end":{"line":97,"column":3}},"line":93},"5":{"name":"Object.<anonymous>.Transaction.typeValidation","decl":{"start":{"line":99,"column":2},"end":{"line":111,"column":3}},"loc":{"start":{"line":99,"column":2},"end":{"line":111,"column":3}},"line":99},"6":{"name":"Object.<anonymous>.Transaction.dateValidation","decl":{"start":{"line":113,"column":2},"end":{"line":125,"column":3}},"loc":{"start":{"line":113,"column":2},"end":{"line":125,"column":3}},"line":113}},"f":{"0":6,"1":6,"2":6,"3":6,"4":6,"5":6,"6":6}}
,"C:\\Users\\Pichau\\Documents\\Projetos\\_backend-tcc\\src\\domain\\exceptions\\InvalidServiceError.ts": {"path":"C:\\Users\\Pichau\\Documents\\Projetos\\_backend-tcc\\src\\domain\\exceptions\\InvalidServiceError.ts","all":false,"statementMap":{"0":{"start":{"line":1,"column":0},"end":{"line":1,"column":56}},"1":{"start":{"line":2,"column":0},"end":{"line":2,"column":49}},"2":{"start":{"line":3,"column":0},"end":{"line":3,"column":30}},"3":{"start":{"line":4,"column":0},"end":{"line":4,"column":0}},"4":{"start":{"line":5,"column":0},"end":{"line":5,"column":37}},"5":{"start":{"line":6,"column":0},"end":{"line":6,"column":30}},"6":{"start":{"line":7,"column":0},"end":{"line":7,"column":0}},"7":{"start":{"line":8,"column":0},"end":{"line":8,"column":55}},"8":{"start":{"line":9,"column":0},"end":{"line":9,"column":0}},"9":{"start":{"line":10,"column":0},"end":{"line":10,"column":38}},"10":{"start":{"line":11,"column":0},"end":{"line":11,"column":33}},"11":{"start":{"line":12,"column":0},"end":{"line":12,"column":3}},"12":{"start":{"line":13,"column":0},"end":{"line":13,"column":1}}},"s":{"0":4,"1":4,"2":4,"3":4,"4":4,"5":5,"6":5,"7":5,"8":5,"9":5,"10":5,"11":5,"12":4},"branchMap":{"0":{"type":"branch","line":1,"loc":{"start":{"line":1,"column":0},"end":{"line":13,"column":1}},"locations":[{"start":{"line":1,"column":0},"end":{"line":13,"column":1}}]},"1":{"type":"branch","line":5,"loc":{"start":{"line":5,"column":2},"end":{"line":12,"column":3}},"locations":[{"start":{"line":5,"column":2},"end":{"line":12,"column":3}}]},"2":{"type":"branch","line":6,"loc":{"start":{"line":6,"column":29},"end":{"line":6,"column":30}},"locations":[{"start":{"line":6,"column":29},"end":{"line":6,"column":30}}]}},"b":{"0":[4],"1":[5],"2":[0]},"fnMap":{"0":{"name":"InvalidServiceError","decl":{"start":{"line":5,"column":2},"end":{"line":12,"column":3}},"loc":{"start":{"line":5,"column":2},"end":{"line":12,"column":3}},"line":5}},"f":{"0":5}}
,"C:\\Users\\Pichau\\Documents\\Projetos\\_backend-tcc\\src\\domain\\exceptions\\InvalidTransactionError.ts": {"path":"C:\\Users\\Pichau\\Documents\\Projetos\\_backend-tcc\\src\\domain\\exceptions\\InvalidTransactionError.ts","all":false,"statementMap":{"0":{"start":{"line":1,"column":0},"end":{"line":1,"column":60}},"1":{"start":{"line":2,"column":0},"end":{"line":2,"column":53}},"2":{"start":{"line":3,"column":0},"end":{"line":3,"column":30}},"3":{"start":{"line":4,"column":0},"end":{"line":4,"column":0}},"4":{"start":{"line":5,"column":0},"end":{"line":5,"column":37}},"5":{"start":{"line":6,"column":0},"end":{"line":6,"column":32}},"6":{"start":{"line":7,"column":0},"end":{"line":7,"column":0}},"7":{"start":{"line":8,"column":0},"end":{"line":8,"column":59}},"8":{"start":{"line":9,"column":0},"end":{"line":9,"column":0}},"9":{"start":{"line":10,"column":0},"end":{"line":10,"column":42}},"10":{"start":{"line":11,"column":0},"end":{"line":11,"column":33}},"11":{"start":{"line":12,"column":0},"end":{"line":12,"column":3}},"12":{"start":{"line":13,"column":0},"end":{"line":13,"column":1}}},"s":{"0":2,"1":2,"2":2,"3":2,"4":2,"5":5,"6":5,"7":5,"8":5,"9":5,"10":5,"11":5,"12":2},"branchMap":{"0":{"type":"branch","line":1,"loc":{"start":{"line":1,"column":0},"end":{"line":13,"column":1}},"locations":[{"start":{"line":1,"column":0},"end":{"line":13,"column":1}}]},"1":{"type":"branch","line":5,"loc":{"start":{"line":5,"column":2},"end":{"line":12,"column":3}},"locations":[{"start":{"line":5,"column":2},"end":{"line":12,"column":3}}]},"2":{"type":"branch","line":6,"loc":{"start":{"line":6,"column":31},"end":{"line":6,"column":32}},"locations":[{"start":{"line":6,"column":31},"end":{"line":6,"column":32}}]}},"b":{"0":[2],"1":[5],"2":[0]},"fnMap":{"0":{"name":"InvalidTransactionError","decl":{"start":{"line":5,"column":2},"end":{"line":12,"column":3}},"loc":{"start":{"line":5,"column":2},"end":{"line":12,"column":3}},"line":5}},"f":{"0":5}}
,"C:\\Users\\Pichau\\Documents\\Projetos\\_backend-tcc\\src\\domain\\services\\CreateService.ts": {"path":"C:\\Users\\Pichau\\Documents\\Projetos\\_backend-tcc\\src\\domain\\services\\CreateService.ts","all":false,"statementMap":{"0":{"start":{"line":1,"column":0},"end":{"line":1,"column":46}},"1":{"start":{"line":2,"column":0},"end":{"line":2,"column":64}},"2":{"start":{"line":3,"column":0},"end":{"line":3,"column":49}},"3":{"start":{"line":4,"column":0},"end":{"line":4,"column":46}},"4":{"start":{"line":5,"column":0},"end":{"line":5,"column":0}},"5":{"start":{"line":6,"column":0},"end":{"line":6,"column":36}},"6":{"start":{"line":7,"column":0},"end":{"line":7,"column":72}},"7":{"start":{"line":8,"column":0},"end":{"line":8,"column":0}},"8":{"start":{"line":9,"column":0},"end":{"line":9,"column":23}},"9":{"start":{"line":10,"column":0},"end":{"line":10,"column":40}},"10":{"start":{"line":11,"column":0},"end":{"line":11,"column":44}},"11":{"start":{"line":12,"column":0},"end":{"line":12,"column":9}},"12":{"start":{"line":13,"column":0},"end":{"line":13,"column":46}},"13":{"start":{"line":14,"column":0},"end":{"line":14,"column":0}},"14":{"start":{"line":15,"column":0},"end":{"line":15,"column":68}},"15":{"start":{"line":16,"column":0},"end":{"line":16,"column":0}},"16":{"start":{"line":17,"column":0},"end":{"line":17,"column":14}},"17":{"start":{"line":18,"column":0},"end":{"line":18,"column":20}},"18":{"start":{"line":19,"column":0},"end":{"line":19,"column":32}},"19":{"start":{"line":20,"column":0},"end":{"line":20,"column":8}},"20":{"start":{"line":21,"column":0},"end":{"line":21,"column":21}},"21":{"start":{"line":22,"column":0},"end":{"line":22,"column":75}},"22":{"start":{"line":23,"column":0},"end":{"line":23,"column":0}},"23":{"start":{"line":24,"column":0},"end":{"line":24,"column":14}},"24":{"start":{"line":25,"column":0},"end":{"line":25,"column":50}},"25":{"start":{"line":26,"column":0},"end":{"line":26,"column":16}},"26":{"start":{"line":27,"column":0},"end":{"line":27,"column":33}},"27":{"start":{"line":28,"column":0},"end":{"line":28,"column":68}},"28":{"start":{"line":29,"column":0},"end":{"line":29,"column":10}},"29":{"start":{"line":30,"column":0},"end":{"line":30,"column":8}},"30":{"start":{"line":31,"column":0},"end":{"line":31,"column":5}},"31":{"start":{"line":32,"column":0},"end":{"line":32,"column":3}},"32":{"start":{"line":33,"column":0},"end":{"line":33,"column":1}}},"s":{"0":1,"1":1,"2":1,"3":1,"4":1,"5":1,"6":1,"7":1,"8":1,"9":3,"10":3,"11":3,"12":3,"13":3,"14":3,"15":3,"16":3,"17":3,"18":3,"19":3,"20":3,"21":3,"22":3,"23":3,"24":3,"25":3,"26":3,"27":3,"28":3,"29":3,"30":3,"31":3,"32":1},"branchMap":{"0":{"type":"branch","line":6,"loc":{"start":{"line":6,"column":0},"end":{"line":33,"column":1}},"locations":[{"start":{"line":6,"column":0},"end":{"line":33,"column":1}}]},"1":{"type":"branch","line":7,"loc":{"start":{"line":7,"column":2},"end":{"line":7,"column":72}},"locations":[{"start":{"line":7,"column":2},"end":{"line":7,"column":72}}]},"2":{"type":"branch","line":9,"loc":{"start":{"line":9,"column":2},"end":{"line":32,"column":3}},"locations":[{"start":{"line":9,"column":2},"end":{"line":32,"column":3}}]},"3":{"type":"branch","line":25,"loc":{"start":{"line":25,"column":38},"end":{"line":25,"column":43}},"locations":[{"start":{"line":25,"column":38},"end":{"line":25,"column":43}}]},"4":{"type":"branch","line":25,"loc":{"start":{"line":25,"column":44},"end":{"line":25,"column":49}},"locations":[{"start":{"line":25,"column":44},"end":{"line":25,"column":49}}]},"5":{"type":"branch","line":28,"loc":{"start":{"line":28,"column":44},"end":{"line":28,"column":62}},"locations":[{"start":{"line":28,"column":44},"end":{"line":28,"column":62}}]},"6":{"type":"branch","line":28,"loc":{"start":{"line":28,"column":63},"end":{"line":28,"column":67}},"locations":[{"start":{"line":28,"column":63},"end":{"line":28,"column":67}}]}},"b":{"0":[1],"1":[3],"2":[3],"3":[1],"4":[1],"5":[1],"6":[1]},"fnMap":{"0":{"name":"CreateService","decl":{"start":{"line":7,"column":2},"end":{"line":7,"column":72}},"loc":{"start":{"line":7,"column":2},"end":{"line":7,"column":72}},"line":7},"1":{"name":"Object.<anonymous>.CreateService.execute","decl":{"start":{"line":9,"column":2},"end":{"line":32,"column":3}},"loc":{"start":{"line":9,"column":2},"end":{"line":32,"column":3}},"line":9}},"f":{"0":3,"1":3}}
,"C:\\Users\\Pichau\\Documents\\Projetos\\_backend-tcc\\src\\domain\\services\\ListServices.ts": {"path":"C:\\Users\\Pichau\\Documents\\Projetos\\_backend-tcc\\src\\domain\\services\\ListServices.ts","all":false,"statementMap":{"0":{"start":{"line":1,"column":0},"end":{"line":1,"column":46}},"1":{"start":{"line":2,"column":0},"end":{"line":2,"column":64}},"2":{"start":{"line":3,"column":0},"end":{"line":3,"column":46}},"3":{"start":{"line":4,"column":0},"end":{"line":4,"column":0}},"4":{"start":{"line":5,"column":0},"end":{"line":5,"column":35}},"5":{"start":{"line":6,"column":0},"end":{"line":6,"column":72}},"6":{"start":{"line":7,"column":0},"end":{"line":7,"column":0}},"7":{"start":{"line":8,"column":0},"end":{"line":8,"column":67}},"8":{"start":{"line":9,"column":0},"end":{"line":9,"column":9}},"9":{"start":{"line":10,"column":0},"end":{"line":10,"column":61}},"10":{"start":{"line":11,"column":0},"end":{"line":11,"column":0}},"11":{"start":{"line":12,"column":0},"end":{"line":12,"column":14}},"12":{"start":{"line":13,"column":0},"end":{"line":13,"column":20}},"13":{"start":{"line":14,"column":0},"end":{"line":14,"column":32}},"14":{"start":{"line":15,"column":0},"end":{"line":15,"column":8}},"15":{"start":{"line":16,"column":0},"end":{"line":16,"column":21}},"16":{"start":{"line":17,"column":0},"end":{"line":17,"column":14}},"17":{"start":{"line":18,"column":0},"end":{"line":18,"column":20}},"18":{"start":{"line":19,"column":0},"end":{"line":19,"column":16}},"19":{"start":{"line":20,"column":0},"end":{"line":20,"column":33}},"20":{"start":{"line":21,"column":0},"end":{"line":21,"column":10}},"21":{"start":{"line":22,"column":0},"end":{"line":22,"column":8}},"22":{"start":{"line":23,"column":0},"end":{"line":23,"column":5}},"23":{"start":{"line":24,"column":0},"end":{"line":24,"column":3}},"24":{"start":{"line":25,"column":0},"end":{"line":25,"column":1}}},"s":{"0":1,"1":1,"2":1,"3":1,"4":1,"5":1,"6":1,"7":1,"8":2,"9":2,"10":2,"11":2,"12":2,"13":2,"14":2,"15":2,"16":2,"17":2,"18":2,"19":2,"20":2,"21":2,"22":2,"23":2,"24":1},"branchMap":{"0":{"type":"branch","line":5,"loc":{"start":{"line":5,"column":0},"end":{"line":25,"column":1}},"locations":[{"start":{"line":5,"column":0},"end":{"line":25,"column":1}}]},"1":{"type":"branch","line":6,"loc":{"start":{"line":6,"column":2},"end":{"line":6,"column":72}},"locations":[{"start":{"line":6,"column":2},"end":{"line":6,"column":72}}]},"2":{"type":"branch","line":8,"loc":{"start":{"line":8,"column":2},"end":{"line":24,"column":3}},"locations":[{"start":{"line":8,"column":2},"end":{"line":24,"column":3}}]}},"b":{"0":[1],"1":[2],"2":[2]},"fnMap":{"0":{"name":"ListServices","decl":{"start":{"line":6,"column":2},"end":{"line":6,"column":72}},"loc":{"start":{"line":6,"column":2},"end":{"line":6,"column":72}},"line":6},"1":{"name":"Object.<anonymous>.ListServices.execute","decl":{"start":{"line":8,"column":2},"end":{"line":24,"column":3}},"loc":{"start":{"line":8,"column":2},"end":{"line":24,"column":3}},"line":8}},"f":{"0":2,"1":2}}
,"C:\\Users\\Pichau\\Documents\\Projetos\\_backend-tcc\\src\\lib\\utils\\Date.ts": {"path":"C:\\Users\\Pichau\\Documents\\Projetos\\_backend-tcc\\src\\lib\\utils\\Date.ts","all":false,"statementMap":{"0":{"start":{"line":1,"column":0},"end":{"line":1,"column":34}},"1":{"start":{"line":2,"column":0},"end":{"line":2,"column":39}},"2":{"start":{"line":3,"column":0},"end":{"line":3,"column":0}},"3":{"start":{"line":4,"column":0},"end":{"line":4,"column":32}},"4":{"start":{"line":5,"column":0},"end":{"line":5,"column":5}},"5":{"start":{"line":6,"column":0},"end":{"line":6,"column":47}},"6":{"start":{"line":7,"column":0},"end":{"line":7,"column":5}},"7":{"start":{"line":8,"column":0},"end":{"line":8,"column":24}},"8":{"start":{"line":9,"column":0},"end":{"line":9,"column":45}},"9":{"start":{"line":10,"column":0},"end":{"line":10,"column":19}},"10":{"start":{"line":11,"column":0},"end":{"line":11,"column":7}},"11":{"start":{"line":12,"column":0},"end":{"line":12,"column":3}},"12":{"start":{"line":13,"column":0},"end":{"line":13,"column":1}}},"s":{"0":1,"1":1,"2":1,"3":0,"4":0,"5":0,"6":0,"7":0,"8":1,"9":1,"10":1,"11":1,"12":0},"branchMap":{"0":{"type":"branch","line":4,"loc":{"start":{"line":4,"column":0},"end":{"line":13,"column":1}},"locations":[{"start":{"line":4,"column":0},"end":{"line":13,"column":1}}]},"1":{"type":"branch","line":8,"loc":{"start":{"line":8,"column":2},"end":{"line":12,"column":3}},"locations":[{"start":{"line":8,"column":2},"end":{"line":12,"column":3}}]}},"b":{"0":[6],"1":[1]},"fnMap":{"0":{"name":"DateUtils","decl":{"start":{"line":4,"column":0},"end":{"line":13,"column":1}},"loc":{"start":{"line":4,"column":0},"end":{"line":13,"column":1}},"line":4},"1":{"name":"Object.<anonymous>.DateUtils.currentDate","decl":{"start":{"line":8,"column":2},"end":{"line":12,"column":3}},"loc":{"start":{"line":8,"column":2},"end":{"line":12,"column":3}},"line":8}},"f":{"0":0,"1":1}}
,"C:\\Users\\Pichau\\Documents\\Projetos\\_backend-tcc\\src\\lib\\utils\\Validations.ts": {"path":"C:\\Users\\Pichau\\Documents\\Projetos\\_backend-tcc\\src\\lib\\utils\\Validations.ts","all":false,"statementMap":{"0":{"start":{"line":1,"column":0},"end":{"line":1,"column":34}},"1":{"start":{"line":2,"column":0},"end":{"line":2,"column":0}},"2":{"start":{"line":3,"column":0},"end":{"line":3,"column":34}},"3":{"start":{"line":4,"column":0},"end":{"line":4,"column":5}},"4":{"start":{"line":5,"column":0},"end":{"line":5,"column":51}},"5":{"start":{"line":6,"column":0},"end":{"line":6,"column":5}},"6":{"start":{"line":7,"column":0},"end":{"line":7,"column":27}},"7":{"start":{"line":8,"column":0},"end":{"line":8,"column":29}},"8":{"start":{"line":9,"column":0},"end":{"line":9,"column":89}},"9":{"start":{"line":10,"column":0},"end":{"line":10,"column":6}},"10":{"start":{"line":11,"column":0},"end":{"line":11,"column":28}},"11":{"start":{"line":12,"column":0},"end":{"line":12,"column":3}},"12":{"start":{"line":13,"column":0},"end":{"line":13,"column":0}},"13":{"start":{"line":14,"column":0},"end":{"line":14,"column":5}},"14":{"start":{"line":15,"column":0},"end":{"line":15,"column":59}},"15":{"start":{"line":16,"column":0},"end":{"line":16,"column":5}},"16":{"start":{"line":17,"column":0},"end":{"line":17,"column":40}},"17":{"start":{"line":18,"column":0},"end":{"line":18,"column":29}},"18":{"start":{"line":19,"column":0},"end":{"line":19,"column":66}},"19":{"start":{"line":20,"column":0},"end":{"line":20,"column":6}},"20":{"start":{"line":21,"column":0},"end":{"line":21,"column":0}},"21":{"start":{"line":22,"column":0},"end":{"line":22,"column":40}},"22":{"start":{"line":23,"column":0},"end":{"line":23,"column":0}},"23":{"start":{"line":24,"column":0},"end":{"line":24,"column":9}},"24":{"start":{"line":25,"column":0},"end":{"line":25,"column":57}},"25":{"start":{"line":26,"column":0},"end":{"line":26,"column":0}},"26":{"start":{"line":27,"column":0},"end":{"line":27,"column":18}},"27":{"start":{"line":28,"column":0},"end":{"line":28,"column":21}},"28":{"start":{"line":29,"column":0},"end":{"line":29,"column":25}},"29":{"start":{"line":30,"column":0},"end":{"line":30,"column":19}},"30":{"start":{"line":31,"column":0},"end":{"line":31,"column":5}},"31":{"start":{"line":32,"column":0},"end":{"line":32,"column":3}},"32":{"start":{"line":33,"column":0},"end":{"line":33,"column":1}}},"s":{"0":1,"1":1,"2":0,"3":0,"4":0,"5":0,"6":0,"7":19,"8":19,"9":19,"10":19,"11":19,"12":0,"13":0,"14":0,"15":0,"16":0,"17":13,"18":13,"19":13,"20":13,"21":13,"22":7,"23":7,"24":7,"25":7,"26":7,"27":13,"28":0,"29":0,"30":0,"31":13,"32":0},"branchMap":{"0":{"type":"branch","line":3,"loc":{"start":{"line":3,"column":0},"end":{"line":33,"column":1}},"locations":[{"start":{"line":3,"column":0},"end":{"line":33,"column":1}}]},"1":{"type":"branch","line":7,"loc":{"start":{"line":7,"column":2},"end":{"line":12,"column":3}},"locations":[{"start":{"line":7,"column":2},"end":{"line":12,"column":3}}]},"2":{"type":"branch","line":17,"loc":{"start":{"line":17,"column":2},"end":{"line":32,"column":3}},"locations":[{"start":{"line":17,"column":2},"end":{"line":32,"column":3}}]},"3":{"type":"branch","line":22,"loc":{"start":{"line":22,"column":27},"end":{"line":22,"column":40}},"locations":[{"start":{"line":22,"column":27},"end":{"line":22,"column":40}}]},"4":{"type":"branch","line":23,"loc":{"start":{"line":23,"column":-2},"end":{"line":28,"column":13}},"locations":[{"start":{"line":23,"column":-2},"end":{"line":28,"column":13}}]},"5":{"type":"branch","line":28,"loc":{"start":{"line":28,"column":6},"end":{"line":31,"column":5}},"locations":[{"start":{"line":28,"column":6},"end":{"line":31,"column":5}}]}},"b":{"0":[6],"1":[19],"2":[13],"3":[6],"4":[7],"5":[0]},"fnMap":{"0":{"name":"Validations","decl":{"start":{"line":3,"column":0},"end":{"line":33,"column":1}},"loc":{"start":{"line":3,"column":0},"end":{"line":33,"column":1}},"line":3},"1":{"name":"Object.<anonymous>.Validations.id","decl":{"start":{"line":7,"column":2},"end":{"line":12,"column":3}},"loc":{"start":{"line":7,"column":2},"end":{"line":12,"column":3}},"line":7},"2":{"name":"Object.<anonymous>.Validations.date_YYYY_MM_DD","decl":{"start":{"line":17,"column":2},"end":{"line":32,"column":3}},"loc":{"start":{"line":17,"column":2},"end":{"line":32,"column":3}},"line":17}},"f":{"0":0,"1":19,"2":13}}
,"C:\\Users\\Pichau\\Documents\\Projetos\\_backend-tcc\\src\\lib\\utils\\index.ts": {"path":"C:\\Users\\Pichau\\Documents\\Projetos\\_backend-tcc\\src\\lib\\utils\\index.ts","all":false,"statementMap":{"0":{"start":{"line":1,"column":0},"end":{"line":1,"column":46}},"1":{"start":{"line":2,"column":0},"end":{"line":2,"column":55}}},"s":{"0":1,"1":1},"branchMap":{"0":{"type":"branch","line":1,"loc":{"start":{"line":1,"column":9},"end":{"line":1,"column":29}},"locations":[{"start":{"line":1,"column":9},"end":{"line":1,"column":29}}]},"1":{"type":"branch","line":2,"loc":{"start":{"line":2,"column":9},"end":{"line":2,"column":31}},"locations":[{"start":{"line":2,"column":9},"end":{"line":2,"column":31}}]}},"b":{"0":[1],"1":[32]},"fnMap":{"0":{"name":"get","decl":{"start":{"line":1,"column":9},"end":{"line":1,"column":29}},"loc":{"start":{"line":1,"column":9},"end":{"line":1,"column":29}},"line":1},"1":{"name":"get","decl":{"start":{"line":2,"column":9},"end":{"line":2,"column":31}},"loc":{"start":{"line":2,"column":9},"end":{"line":2,"column":31}},"line":2}},"f":{"0":1,"1":32}}
}
