TN:
SF:src\domain\entities\Service.ts
FN:20,Service
FN:33,Object.<anonymous>.Service.validate
FN:54,Object.<anonymous>.Service.idValidation
FN:62,Object.<anonymous>.Service.titleValidation
FN:76,Object.<anonymous>.Service.descriptionValidation
FNF:5
FNH:5
FNDA:11,Service
FNDA:11,Object.<anonymous>.Service.validate
FNDA:11,Object.<anonymous>.Service.idValidation
FNDA:11,Object.<anonymous>.Service.titleValidation
FNDA:11,Object.<anonymous>.Service.descriptionValidation
DA:1,1
DA:2,1
DA:3,1
DA:4,1
DA:5,1
DA:6,1
DA:7,1
DA:8,1
DA:9,1
DA:10,1
DA:11,1
DA:12,1
DA:13,1
DA:14,1
DA:15,3
DA:16,3
DA:17,3
DA:18,3
DA:19,3
DA:20,3
DA:21,11
DA:22,11
DA:23,11
DA:24,11
DA:25,11
DA:26,11
DA:27,11
DA:28,11
DA:29,4
DA:30,4
DA:31,11
DA:32,3
DA:33,3
DA:34,11
DA:35,11
DA:36,11
DA:37,11
DA:38,11
DA:39,11
DA:40,11
DA:41,11
DA:42,11
DA:43,11
DA:44,11
DA:45,11
DA:46,11
DA:47,11
DA:48,0
DA:49,0
DA:50,11
DA:51,11
DA:52,11
DA:53,3
DA:54,3
DA:55,11
DA:56,11
DA:57,11
DA:58,11
DA:59,11
DA:60,11
DA:61,3
DA:62,3
DA:63,11
DA:64,11
DA:65,11
DA:66,0
DA:67,11
DA:68,2
DA:69,2
DA:70,11
DA:71,11
DA:72,11
DA:73,11
DA:74,11
DA:75,3
DA:76,3
DA:77,11
DA:78,11
DA:79,11
DA:80,0
DA:81,11
DA:82,1
DA:83,1
DA:84,1
DA:85,1
DA:86,11
DA:87,11
DA:88,11
DA:89,11
DA:90,11
DA:91,3
LF:91
LH:87
BRDA:15,0,0,3
BRDA:20,1,0,11
BRDA:20,2,0,9
BRDA:20,3,0,2
BRDA:20,4,0,3
BRDA:20,5,0,8
BRDA:28,6,0,4
BRDA:33,7,0,11
BRDA:47,8,0,0
BRDA:54,9,0,11
BRDA:57,10,0,10
BRDA:58,11,0,1
BRDA:62,12,0,11
BRDA:65,13,0,0
BRDA:67,14,0,2
BRDA:76,15,0,11
BRDA:79,16,0,0
BRDA:81,17,0,1
BRF:18
BRH:15
end_of_record
TN:
SF:src\domain\entities\Transaction.ts
FN:24,Transaction
FN:45,Object.<anonymous>.Transaction.validate
FN:71,Object.<anonymous>.Transaction.idValidation
FN:79,Object.<anonymous>.Transaction.titleValidation
FN:93,Object.<anonymous>.Transaction.valueValidation
FN:99,Object.<anonymous>.Transaction.typeValidation
FN:113,Object.<anonymous>.Transaction.dateValidation
FNF:7
FNH:7
FNDA:6,Transaction
FNDA:6,Object.<anonymous>.Transaction.validate
FNDA:6,Object.<anonymous>.Transaction.idValidation
FNDA:6,Object.<anonymous>.Transaction.titleValidation
FNDA:6,Object.<anonymous>.Transaction.valueValidation
FNDA:6,Object.<anonymous>.Transaction.typeValidation
FNDA:6,Object.<anonymous>.Transaction.dateValidation
DA:1,1
DA:2,1
DA:3,1
DA:4,1
DA:5,1
DA:6,1
DA:7,1
DA:8,1
DA:9,1
DA:10,1
DA:11,1
DA:12,1
DA:13,1
DA:14,1
DA:15,1
DA:16,1
DA:17,1
DA:18,1
DA:19,1
DA:20,1
DA:21,1
DA:22,1
DA:23,1
DA:24,1
DA:25,6
DA:26,6
DA:27,6
DA:28,6
DA:29,6
DA:30,6
DA:31,6
DA:32,6
DA:33,6
DA:34,6
DA:35,6
DA:36,6
DA:37,6
DA:38,6
DA:39,6
DA:40,6
DA:41,4
DA:42,4
DA:43,6
DA:44,1
DA:45,1
DA:46,6
DA:47,6
DA:48,6
DA:49,6
DA:50,6
DA:51,6
DA:52,6
DA:53,6
DA:54,6
DA:55,6
DA:56,6
DA:57,6
DA:58,6
DA:59,6
DA:60,6
DA:61,6
DA:62,6
DA:63,6
DA:64,0
DA:65,0
DA:66,0
DA:67,6
DA:68,6
DA:69,6
DA:70,1
DA:71,1
DA:72,6
DA:73,6
DA:74,6
DA:75,6
DA:76,6
DA:77,6
DA:78,1
DA:79,1
DA:80,6
DA:81,6
DA:82,6
DA:83,0
DA:84,6
DA:85,1
DA:86,1
DA:87,6
DA:88,6
DA:89,6
DA:90,6
DA:91,6
DA:92,1
DA:93,1
DA:94,6
DA:95,6
DA:96,6
DA:97,6
DA:98,1
DA:99,1
DA:100,6
DA:101,6
DA:102,6
DA:103,0
DA:104,6
DA:105,0
DA:106,0
DA:107,6
DA:108,6
DA:109,6
DA:110,6
DA:111,6
DA:112,1
DA:113,1
DA:114,6
DA:115,6
DA:116,6
DA:117,0
DA:118,6
DA:119,1
DA:120,1
DA:121,6
DA:122,6
DA:123,6
DA:124,6
DA:125,6
DA:126,1
LF:126
LH:118
BRDA:17,0,0,1
BRDA:24,1,0,6
BRDA:25,2,0,4
BRDA:25,3,0,2
BRDA:40,4,0,4
BRDA:45,5,0,6
BRDA:63,6,0,0
BRDA:71,7,0,6
BRDA:74,8,0,5
BRDA:75,9,0,1
BRDA:79,10,0,6
BRDA:82,11,0,0
BRDA:84,12,0,1
BRDA:93,13,0,6
BRDA:95,14,0,1
BRDA:95,15,0,5
BRDA:99,16,0,6
BRDA:102,17,0,0
BRDA:104,18,0,0
BRDA:113,19,0,6
BRDA:116,20,0,0
BRDA:118,21,0,1
BRF:22
BRH:17
end_of_record
TN:
SF:src\domain\exceptions\InvalidServiceError.ts
FN:5,InvalidServiceError
FNF:1
FNH:1
FNDA:5,InvalidServiceError
DA:1,4
DA:2,4
DA:3,4
DA:4,4
DA:5,4
DA:6,5
DA:7,5
DA:8,5
DA:9,5
DA:10,5
DA:11,5
DA:12,5
DA:13,4
LF:13
LH:13
BRDA:1,0,0,4
BRDA:5,1,0,5
BRDA:6,2,0,0
BRF:3
BRH:2
end_of_record
TN:
SF:src\domain\exceptions\InvalidTransactionError.ts
FN:5,InvalidTransactionError
FNF:1
FNH:1
FNDA:5,InvalidTransactionError
DA:1,2
DA:2,2
DA:3,2
DA:4,2
DA:5,2
DA:6,5
DA:7,5
DA:8,5
DA:9,5
DA:10,5
DA:11,5
DA:12,5
DA:13,2
LF:13
LH:13
BRDA:1,0,0,2
BRDA:5,1,0,5
BRDA:6,2,0,0
BRF:3
BRH:2
end_of_record
TN:
SF:src\domain\services\CreateService.ts
FN:7,CreateService
FN:9,Object.<anonymous>.CreateService.execute
FNF:2
FNH:2
FNDA:3,CreateService
FNDA:3,Object.<anonymous>.CreateService.execute
DA:1,1
DA:2,1
DA:3,1
DA:4,1
DA:5,1
DA:6,1
DA:7,1
DA:8,1
DA:9,1
DA:10,3
DA:11,3
DA:12,3
DA:13,3
DA:14,3
DA:15,3
DA:16,3
DA:17,3
DA:18,3
DA:19,3
DA:20,3
DA:21,3
DA:22,3
DA:23,3
DA:24,3
DA:25,3
DA:26,3
DA:27,3
DA:28,3
DA:29,3
DA:30,3
DA:31,3
DA:32,3
DA:33,1
LF:33
LH:33
BRDA:6,0,0,1
BRDA:7,1,0,3
BRDA:9,2,0,3
BRDA:25,3,0,1
BRDA:25,4,0,1
BRDA:28,5,0,1
BRDA:28,6,0,1
BRF:7
BRH:7
end_of_record
TN:
SF:src\domain\services\ListServices.ts
FN:6,ListServices
FN:8,Object.<anonymous>.ListServices.execute
FNF:2
FNH:2
FNDA:2,ListServices
FNDA:2,Object.<anonymous>.ListServices.execute
DA:1,1
DA:2,1
DA:3,1
DA:4,1
DA:5,1
DA:6,1
DA:7,1
DA:8,1
DA:9,2
DA:10,2
DA:11,2
DA:12,2
DA:13,2
DA:14,2
DA:15,2
DA:16,2
DA:17,2
DA:18,2
DA:19,2
DA:20,2
DA:21,2
DA:22,2
DA:23,2
DA:24,2
DA:25,1
LF:25
LH:25
BRDA:5,0,0,1
BRDA:6,1,0,2
BRDA:8,2,0,2
BRF:3
BRH:3
end_of_record
TN:
SF:src\lib\utils\Date.ts
FN:4,DateUtils
FN:8,Object.<anonymous>.DateUtils.currentDate
FNF:2
FNH:1
FNDA:0,DateUtils
FNDA:1,Object.<anonymous>.DateUtils.currentDate
DA:1,1
DA:2,1
DA:3,1
DA:4,0
DA:5,0
DA:6,0
DA:7,0
DA:8,0
DA:9,1
DA:10,1
DA:11,1
DA:12,1
DA:13,0
LF:13
LH:7
BRDA:4,0,0,6
BRDA:8,1,0,1
BRF:2
BRH:2
end_of_record
TN:
SF:src\lib\utils\Validations.ts
FN:3,Validations
FN:7,Object.<anonymous>.Validations.id
FN:17,Object.<anonymous>.Validations.date_YYYY_MM_DD
FNF:3
FNH:2
FNDA:0,Validations
FNDA:19,Object.<anonymous>.Validations.id
FNDA:13,Object.<anonymous>.Validations.date_YYYY_MM_DD
DA:1,1
DA:2,1
DA:3,0
DA:4,0
DA:5,0
DA:6,0
DA:7,0
DA:8,19
DA:9,19
DA:10,19
DA:11,19
DA:12,19
DA:13,0
DA:14,0
DA:15,0
DA:16,0
DA:17,0
DA:18,13
DA:19,13
DA:20,13
DA:21,13
DA:22,13
DA:23,7
DA:24,7
DA:25,7
DA:26,7
DA:27,7
DA:28,13
DA:29,0
DA:30,0
DA:31,0
DA:32,13
DA:33,0
LF:33
LH:19
BRDA:3,0,0,6
BRDA:7,1,0,19
BRDA:17,2,0,13
BRDA:22,3,0,6
BRDA:23,4,0,7
BRDA:28,5,0,0
BRF:6
BRH:5
end_of_record
TN:
SF:src\lib\utils\index.ts
FN:1,get
FN:2,get
FNF:2
FNH:2
FNDA:1,get
FNDA:32,get
DA:1,1
DA:2,1
LF:2
LH:2
BRDA:1,0,0,1
BRDA:2,1,0,32
BRF:2
BRH:2
end_of_record
